
*** Running vivado
    with args -log clk_wiz_0.vds -m64 -mode batch -messageDb vivado.pb -notrace -source clk_wiz_0.tcl


****** Vivado v2015.4 (64-bit)
  **** SW Build 1412921 on Wed Nov 18 09:43:45 MST 2015
  **** IP Build 1412160 on Tue Nov 17 13:47:24 MST 2015
    ** Copyright 1986-2015 Xilinx, Inc. All Rights Reserved.

source clk_wiz_0.tcl -notrace
WARNING: [Board 49-26] cannot add Board Part digilentinc.com:genesys2:part0:1.1 available at C:/Vivado/2015.4/data/boards/board_files/genesys2/H/board.xml as part xc7k325tffg900-2 specified in board_part file is either invalid or not available
Command: synth_design -top clk_wiz_0 -part xc7a35tcpg236-1
Starting synth_design
Attempting to get a license for feature 'Synthesis' and/or device 'xc7a35t'
INFO: [Common 17-349] Got license for feature 'Synthesis' and/or device 'xc7a35t'
---------------------------------------------------------------------------------
Starting RTL Elaboration : Time (s): cpu = 00:00:06 ; elapsed = 00:00:07 . Memory (MB): peak = 275.996 ; gain = 104.582
---------------------------------------------------------------------------------
INFO: [Synth 8-638] synthesizing module 'clk_wiz_0' [C:/Users/Ben/Documents/GitHub/Psoc_robot/VHDL_files/Visualisatiom/Visualisatiom.srcs/sources_1/new/clk_wiz_0.vhd:83]
INFO: [Synth 8-3491] module 'clk_wiz_0_clk_wiz' declared at 'C:/Users/Ben/Documents/GitHub/Psoc_robot/VHDL_files/Visualisatiom/Visualisatiom.srcs/sources_1/new/clk_wiz_0_clk_wiz.vhd:74' bound to instance 'U0' of component 'clk_wiz_0_clk_wiz' [C:/Users/Ben/Documents/GitHub/Psoc_robot/VHDL_files/Visualisatiom/Visualisatiom.srcs/sources_1/new/clk_wiz_0.vhd:98]
INFO: [Synth 8-638] synthesizing module 'clk_wiz_0_clk_wiz' [C:/Users/Ben/Documents/GitHub/Psoc_robot/VHDL_files/Visualisatiom/Visualisatiom.srcs/sources_1/new/clk_wiz_0_clk_wiz.vhd:83]
	Parameter BANDWIDTH bound to: OPTIMIZED - type: string 
	Parameter CLKFBOUT_MULT_F bound to: 10.125000 - type: float 
	Parameter CLKFBOUT_PHASE bound to: 0.000000 - type: float 
	Parameter CLKFBOUT_USE_FINE_PS bound to: 0 - type: bool 
	Parameter CLKIN1_PERIOD bound to: 10.000000 - type: float 
	Parameter CLKIN2_PERIOD bound to: 0.000000 - type: float 
	Parameter CLKOUT0_DIVIDE_F bound to: 9.375000 - type: float 
	Parameter CLKOUT0_DUTY_CYCLE bound to: 0.500000 - type: float 
	Parameter CLKOUT0_PHASE bound to: 0.000000 - type: float 
	Parameter CLKOUT0_USE_FINE_PS bound to: 0 - type: bool 
	Parameter CLKOUT1_DIVIDE bound to: 1 - type: integer 
	Parameter CLKOUT1_DUTY_CYCLE bound to: 0.500000 - type: float 
	Parameter CLKOUT1_PHASE bound to: 0.000000 - type: float 
	Parameter CLKOUT1_USE_FINE_PS bound to: 0 - type: bool 
	Parameter CLKOUT2_DIVIDE bound to: 1 - type: integer 
	Parameter CLKOUT2_DUTY_CYCLE bound to: 0.500000 - type: float 
	Parameter CLKOUT2_PHASE bound to: 0.000000 - type: float 
	Parameter CLKOUT2_USE_FINE_PS bound to: 0 - type: bool 
	Parameter CLKOUT3_DIVIDE bound to: 1 - type: integer 
	Parameter CLKOUT3_DUTY_CYCLE bound to: 0.500000 - type: float 
	Parameter CLKOUT3_PHASE bound to: 0.000000 - type: float 
	Parameter CLKOUT3_USE_FINE_PS bound to: 0 - type: bool 
	Parameter CLKOUT4_CASCADE bound to: 0 - type: bool 
	Parameter CLKOUT4_DIVIDE bound to: 1 - type: integer 
	Parameter CLKOUT4_DUTY_CYCLE bound to: 0.500000 - type: float 
	Parameter CLKOUT4_PHASE bound to: 0.000000 - type: float 
	Parameter CLKOUT4_USE_FINE_PS bound to: 0 - type: bool 
	Parameter CLKOUT5_DIVIDE bound to: 1 - type: integer 
	Parameter CLKOUT5_DUTY_CYCLE bound to: 0.500000 - type: float 
	Parameter CLKOUT5_PHASE bound to: 0.000000 - type: float 
	Parameter CLKOUT5_USE_FINE_PS bound to: 0 - type: bool 
	Parameter CLKOUT6_DIVIDE bound to: 1 - type: integer 
	Parameter CLKOUT6_DUTY_CYCLE bound to: 0.500000 - type: float 
	Parameter CLKOUT6_PHASE bound to: 0.000000 - type: float 
	Parameter CLKOUT6_USE_FINE_PS bound to: 0 - type: bool 
	Parameter COMPENSATION bound to: ZHOLD - type: string 
	Parameter DIVCLK_DIVIDE bound to: 1 - type: integer 
	Parameter IS_CLKINSEL_INVERTED bound to: 1'b0 
	Parameter IS_PSEN_INVERTED bound to: 1'b0 
	Parameter IS_PSINCDEC_INVERTED bound to: 1'b0 
	Parameter IS_PWRDWN_INVERTED bound to: 1'b0 
	Parameter IS_RST_INVERTED bound to: 1'b0 
	Parameter REF_JITTER1 bound to: 0.010000 - type: float 
	Parameter REF_JITTER2 bound to: 0.000000 - type: float 
	Parameter SS_EN bound to: FALSE - type: string 
	Parameter SS_MODE bound to: CENTER_HIGH - type: string 
	Parameter SS_MOD_PERIOD bound to: 10000 - type: integer 
	Parameter STARTUP_WAIT bound to: 0 - type: bool 
INFO: [Synth 8-113] binding component instance 'mmcm_adv_inst' to cell 'MMCME2_ADV' [C:/Users/Ben/Documents/GitHub/Psoc_robot/VHDL_files/Visualisatiom/Visualisatiom.srcs/sources_1/new/clk_wiz_0_clk_wiz.vhd:125]
INFO: [Synth 8-113] binding component instance 'clkf_buf' to cell 'BUFG' [C:/Users/Ben/Documents/GitHub/Psoc_robot/VHDL_files/Visualisatiom/Visualisatiom.srcs/sources_1/new/clk_wiz_0_clk_wiz.vhd:187]
INFO: [Synth 8-113] binding component instance 'clkout1_buf' to cell 'BUFG' [C:/Users/Ben/Documents/GitHub/Psoc_robot/VHDL_files/Visualisatiom/Visualisatiom.srcs/sources_1/new/clk_wiz_0_clk_wiz.vhd:194]
INFO: [Synth 8-256] done synthesizing module 'clk_wiz_0_clk_wiz' (1#1) [C:/Users/Ben/Documents/GitHub/Psoc_robot/VHDL_files/Visualisatiom/Visualisatiom.srcs/sources_1/new/clk_wiz_0_clk_wiz.vhd:83]
INFO: [Synth 8-256] done synthesizing module 'clk_wiz_0' (2#1) [C:/Users/Ben/Documents/GitHub/Psoc_robot/VHDL_files/Visualisatiom/Visualisatiom.srcs/sources_1/new/clk_wiz_0.vhd:83]
---------------------------------------------------------------------------------
Finished RTL Elaboration : Time (s): cpu = 00:00:06 ; elapsed = 00:00:07 . Memory (MB): peak = 312.371 ; gain = 140.957
---------------------------------------------------------------------------------

Report Check Netlist: 
+------+------------------+-------+---------+-------+------------------+
|      |Item              |Errors |Warnings |Status |Description       |
+------+------------------+-------+---------+-------+------------------+
|1     |multi_driven_nets |      0|        0|Passed |Multi driven nets |
+------+------------------+-------+---------+-------+------------------+
---------------------------------------------------------------------------------
Finished RTL Optimization Phase 1 : Time (s): cpu = 00:00:06 ; elapsed = 00:00:07 . Memory (MB): peak = 312.371 ; gain = 140.957
---------------------------------------------------------------------------------
INFO: [Netlist 29-17] Analyzing 1 Unisim elements for replacement
INFO: [Netlist 29-28] Unisim Transformation completed in 0 CPU seconds
INFO: [Device 21-403] Loading part xc7a35tcpg236-1
INFO: [Project 1-570] Preparing netlist for logic optimization

Processing XDC Constraints
Initializing timing engine
Parsing XDC File [C:/Users/Ben/Documents/GitHub/Psoc_robot/VHDL_files/Visualisatiom/Basys3_Master.xdc]
WARNING: [Vivado 12-584] No ports matched 'CLK'. [C:/Users/Ben/Documents/GitHub/Psoc_robot/VHDL_files/Visualisatiom/Basys3_Master.xdc:8]
CRITICAL WARNING: [Common 17-55] 'set_property' expects at least one object. [C:/Users/Ben/Documents/GitHub/Psoc_robot/VHDL_files/Visualisatiom/Basys3_Master.xdc:8]
Resolution: If [get_<value>] was used to populate the object, check to make sure this command returns at least one valid object.
WARNING: [Vivado 12-584] No ports matched 'CLK'. [C:/Users/Ben/Documents/GitHub/Psoc_robot/VHDL_files/Visualisatiom/Basys3_Master.xdc:9]
CRITICAL WARNING: [Common 17-55] 'set_property' expects at least one object. [C:/Users/Ben/Documents/GitHub/Psoc_robot/VHDL_files/Visualisatiom/Basys3_Master.xdc:9]
Resolution: If [get_<value>] was used to populate the object, check to make sure this command returns at least one valid object.
WARNING: [Vivado 12-584] No ports matched 'CLK'. [C:/Users/Ben/Documents/GitHub/Psoc_robot/VHDL_files/Visualisatiom/Basys3_Master.xdc:10]
CRITICAL WARNING: [Vivado 12-1387] No valid object(s) found for create_clock constraint with option '-objects [get_ports CLK]'. [C:/Users/Ben/Documents/GitHub/Psoc_robot/VHDL_files/Visualisatiom/Basys3_Master.xdc:10]
Resolution: Check if the specified object(s) exists in the current design. If it does, ensure that the correct design hierarchy was specified for the object. If you are working with clocks, make sure create_clock was used to create the clock object before it is referenced.
WARNING: [Vivado 12-584] No ports matched 'VGA_RED[0]'. [C:/Users/Ben/Documents/GitHub/Psoc_robot/VHDL_files/Visualisatiom/Basys3_Master.xdc:255]
CRITICAL WARNING: [Common 17-55] 'set_property' expects at least one object. [C:/Users/Ben/Documents/GitHub/Psoc_robot/VHDL_files/Visualisatiom/Basys3_Master.xdc:255]
Resolution: If [get_<value>] was used to populate the object, check to make sure this command returns at least one valid object.
WARNING: [Vivado 12-584] No ports matched 'VGA_RED[0]'. [C:/Users/Ben/Documents/GitHub/Psoc_robot/VHDL_files/Visualisatiom/Basys3_Master.xdc:256]
CRITICAL WARNING: [Common 17-55] 'set_property' expects at least one object. [C:/Users/Ben/Documents/GitHub/Psoc_robot/VHDL_files/Visualisatiom/Basys3_Master.xdc:256]
Resolution: If [get_<value>] was used to populate the object, check to make sure this command returns at least one valid object.
WARNING: [Vivado 12-584] No ports matched 'VGA_RED[1]'. [C:/Users/Ben/Documents/GitHub/Psoc_robot/VHDL_files/Visualisatiom/Basys3_Master.xdc:258]
CRITICAL WARNING: [Common 17-55] 'set_property' expects at least one object. [C:/Users/Ben/Documents/GitHub/Psoc_robot/VHDL_files/Visualisatiom/Basys3_Master.xdc:258]
Resolution: If [get_<value>] was used to populate the object, check to make sure this command returns at least one valid object.
WARNING: [Vivado 12-584] No ports matched 'VGA_RED[1]'. [C:/Users/Ben/Documents/GitHub/Psoc_robot/VHDL_files/Visualisatiom/Basys3_Master.xdc:259]
CRITICAL WARNING: [Common 17-55] 'set_property' expects at least one object. [C:/Users/Ben/Documents/GitHub/Psoc_robot/VHDL_files/Visualisatiom/Basys3_Master.xdc:259]
Resolution: If [get_<value>] was used to populate the object, check to make sure this command returns at least one valid object.
WARNING: [Vivado 12-584] No ports matched 'VGA_RED[2]'. [C:/Users/Ben/Documents/GitHub/Psoc_robot/VHDL_files/Visualisatiom/Basys3_Master.xdc:261]
CRITICAL WARNING: [Common 17-55] 'set_property' expects at least one object. [C:/Users/Ben/Documents/GitHub/Psoc_robot/VHDL_files/Visualisatiom/Basys3_Master.xdc:261]
Resolution: If [get_<value>] was used to populate the object, check to make sure this command returns at least one valid object.
WARNING: [Vivado 12-584] No ports matched 'VGA_RED[2]'. [C:/Users/Ben/Documents/GitHub/Psoc_robot/VHDL_files/Visualisatiom/Basys3_Master.xdc:262]
CRITICAL WARNING: [Common 17-55] 'set_property' expects at least one object. [C:/Users/Ben/Documents/GitHub/Psoc_robot/VHDL_files/Visualisatiom/Basys3_Master.xdc:262]
Resolution: If [get_<value>] was used to populate the object, check to make sure this command returns at least one valid object.
WARNING: [Vivado 12-584] No ports matched 'VGA_RED[3]'. [C:/Users/Ben/Documents/GitHub/Psoc_robot/VHDL_files/Visualisatiom/Basys3_Master.xdc:264]
CRITICAL WARNING: [Common 17-55] 'set_property' expects at least one object. [C:/Users/Ben/Documents/GitHub/Psoc_robot/VHDL_files/Visualisatiom/Basys3_Master.xdc:264]
Resolution: If [get_<value>] was used to populate the object, check to make sure this command returns at least one valid object.
WARNING: [Vivado 12-584] No ports matched 'VGA_RED[3]'. [C:/Users/Ben/Documents/GitHub/Psoc_robot/VHDL_files/Visualisatiom/Basys3_Master.xdc:265]
CRITICAL WARNING: [Common 17-55] 'set_property' expects at least one object. [C:/Users/Ben/Documents/GitHub/Psoc_robot/VHDL_files/Visualisatiom/Basys3_Master.xdc:265]
Resolution: If [get_<value>] was used to populate the object, check to make sure this command returns at least one valid object.
WARNING: [Vivado 12-584] No ports matched 'VGA_BLUE[0]'. [C:/Users/Ben/Documents/GitHub/Psoc_robot/VHDL_files/Visualisatiom/Basys3_Master.xdc:267]
CRITICAL WARNING: [Common 17-55] 'set_property' expects at least one object. [C:/Users/Ben/Documents/GitHub/Psoc_robot/VHDL_files/Visualisatiom/Basys3_Master.xdc:267]
Resolution: If [get_<value>] was used to populate the object, check to make sure this command returns at least one valid object.
WARNING: [Vivado 12-584] No ports matched 'VGA_BLUE[0]'. [C:/Users/Ben/Documents/GitHub/Psoc_robot/VHDL_files/Visualisatiom/Basys3_Master.xdc:268]
CRITICAL WARNING: [Common 17-55] 'set_property' expects at least one object. [C:/Users/Ben/Documents/GitHub/Psoc_robot/VHDL_files/Visualisatiom/Basys3_Master.xdc:268]
Resolution: If [get_<value>] was used to populate the object, check to make sure this command returns at least one valid object.
WARNING: [Vivado 12-584] No ports matched 'VGA_BLUE[1]'. [C:/Users/Ben/Documents/GitHub/Psoc_robot/VHDL_files/Visualisatiom/Basys3_Master.xdc:270]
CRITICAL WARNING: [Common 17-55] 'set_property' expects at least one object. [C:/Users/Ben/Documents/GitHub/Psoc_robot/VHDL_files/Visualisatiom/Basys3_Master.xdc:270]
Resolution: If [get_<value>] was used to populate the object, check to make sure this command returns at least one valid object.
WARNING: [Vivado 12-584] No ports matched 'VGA_BLUE[1]'. [C:/Users/Ben/Documents/GitHub/Psoc_robot/VHDL_files/Visualisatiom/Basys3_Master.xdc:271]
CRITICAL WARNING: [Common 17-55] 'set_property' expects at least one object. [C:/Users/Ben/Documents/GitHub/Psoc_robot/VHDL_files/Visualisatiom/Basys3_Master.xdc:271]
Resolution: If [get_<value>] was used to populate the object, check to make sure this command returns at least one valid object.
WARNING: [Vivado 12-584] No ports matched 'VGA_BLUE[2]'. [C:/Users/Ben/Documents/GitHub/Psoc_robot/VHDL_files/Visualisatiom/Basys3_Master.xdc:273]
CRITICAL WARNING: [Common 17-55] 'set_property' expects at least one object. [C:/Users/Ben/Documents/GitHub/Psoc_robot/VHDL_files/Visualisatiom/Basys3_Master.xdc:273]
Resolution: If [get_<value>] was used to populate the object, check to make sure this command returns at least one valid object.
WARNING: [Vivado 12-584] No ports matched 'VGA_BLUE[2]'. [C:/Users/Ben/Documents/GitHub/Psoc_robot/VHDL_files/Visualisatiom/Basys3_Master.xdc:274]
CRITICAL WARNING: [Common 17-55] 'set_property' expects at least one object. [C:/Users/Ben/Documents/GitHub/Psoc_robot/VHDL_files/Visualisatiom/Basys3_Master.xdc:274]
Resolution: If [get_<value>] was used to populate the object, check to make sure this command returns at least one valid object.
WARNING: [Vivado 12-584] No ports matched 'VGA_BLUE[3]'. [C:/Users/Ben/Documents/GitHub/Psoc_robot/VHDL_files/Visualisatiom/Basys3_Master.xdc:276]
CRITICAL WARNING: [Common 17-55] 'set_property' expects at least one object. [C:/Users/Ben/Documents/GitHub/Psoc_robot/VHDL_files/Visualisatiom/Basys3_Master.xdc:276]
Resolution: If [get_<value>] was used to populate the object, check to make sure this command returns at least one valid object.
WARNING: [Vivado 12-584] No ports matched 'VGA_BLUE[3]'. [C:/Users/Ben/Documents/GitHub/Psoc_robot/VHDL_files/Visualisatiom/Basys3_Master.xdc:277]
CRITICAL WARNING: [Common 17-55] 'set_property' expects at least one object. [C:/Users/Ben/Documents/GitHub/Psoc_robot/VHDL_files/Visualisatiom/Basys3_Master.xdc:277]
Resolution: If [get_<value>] was used to populate the object, check to make sure this command returns at least one valid object.
WARNING: [Vivado 12-584] No ports matched 'VGA_GREEN[0]'. [C:/Users/Ben/Documents/GitHub/Psoc_robot/VHDL_files/Visualisatiom/Basys3_Master.xdc:279]
CRITICAL WARNING: [Common 17-55] 'set_property' expects at least one object. [C:/Users/Ben/Documents/GitHub/Psoc_robot/VHDL_files/Visualisatiom/Basys3_Master.xdc:279]
Resolution: If [get_<value>] was used to populate the object, check to make sure this command returns at least one valid object.
WARNING: [Vivado 12-584] No ports matched 'VGA_GREEN[0]'. [C:/Users/Ben/Documents/GitHub/Psoc_robot/VHDL_files/Visualisatiom/Basys3_Master.xdc:280]
CRITICAL WARNING: [Common 17-55] 'set_property' expects at least one object. [C:/Users/Ben/Documents/GitHub/Psoc_robot/VHDL_files/Visualisatiom/Basys3_Master.xdc:280]
Resolution: If [get_<value>] was used to populate the object, check to make sure this command returns at least one valid object.
WARNING: [Vivado 12-584] No ports matched 'VGA_GREEN[1]'. [C:/Users/Ben/Documents/GitHub/Psoc_robot/VHDL_files/Visualisatiom/Basys3_Master.xdc:282]
CRITICAL WARNING: [Common 17-55] 'set_property' expects at least one object. [C:/Users/Ben/Documents/GitHub/Psoc_robot/VHDL_files/Visualisatiom/Basys3_Master.xdc:282]
Resolution: If [get_<value>] was used to populate the object, check to make sure this command returns at least one valid object.
WARNING: [Vivado 12-584] No ports matched 'VGA_GREEN[1]'. [C:/Users/Ben/Documents/GitHub/Psoc_robot/VHDL_files/Visualisatiom/Basys3_Master.xdc:283]
CRITICAL WARNING: [Common 17-55] 'set_property' expects at least one object. [C:/Users/Ben/Documents/GitHub/Psoc_robot/VHDL_files/Visualisatiom/Basys3_Master.xdc:283]
Resolution: If [get_<value>] was used to populate the object, check to make sure this command returns at least one valid object.
WARNING: [Vivado 12-584] No ports matched 'VGA_GREEN[2]'. [C:/Users/Ben/Documents/GitHub/Psoc_robot/VHDL_files/Visualisatiom/Basys3_Master.xdc:285]
CRITICAL WARNING: [Common 17-55] 'set_property' expects at least one object. [C:/Users/Ben/Documents/GitHub/Psoc_robot/VHDL_files/Visualisatiom/Basys3_Master.xdc:285]
Resolution: If [get_<value>] was used to populate the object, check to make sure this command returns at least one valid object.
WARNING: [Vivado 12-584] No ports matched 'VGA_GREEN[2]'. [C:/Users/Ben/Documents/GitHub/Psoc_robot/VHDL_files/Visualisatiom/Basys3_Master.xdc:286]
CRITICAL WARNING: [Common 17-55] 'set_property' expects at least one object. [C:/Users/Ben/Documents/GitHub/Psoc_robot/VHDL_files/Visualisatiom/Basys3_Master.xdc:286]
Resolution: If [get_<value>] was used to populate the object, check to make sure this command returns at least one valid object.
WARNING: [Vivado 12-584] No ports matched 'VGA_GREEN[3]'. [C:/Users/Ben/Documents/GitHub/Psoc_robot/VHDL_files/Visualisatiom/Basys3_Master.xdc:288]
CRITICAL WARNING: [Common 17-55] 'set_property' expects at least one object. [C:/Users/Ben/Documents/GitHub/Psoc_robot/VHDL_files/Visualisatiom/Basys3_Master.xdc:288]
Resolution: If [get_<value>] was used to populate the object, check to make sure this command returns at least one valid object.
WARNING: [Vivado 12-584] No ports matched 'VGA_GREEN[3]'. [C:/Users/Ben/Documents/GitHub/Psoc_robot/VHDL_files/Visualisatiom/Basys3_Master.xdc:289]
CRITICAL WARNING: [Common 17-55] 'set_property' expects at least one object. [C:/Users/Ben/Documents/GitHub/Psoc_robot/VHDL_files/Visualisatiom/Basys3_Master.xdc:289]
Resolution: If [get_<value>] was used to populate the object, check to make sure this command returns at least one valid object.
WARNING: [Vivado 12-584] No ports matched 'VGA_HS'. [C:/Users/Ben/Documents/GitHub/Psoc_robot/VHDL_files/Visualisatiom/Basys3_Master.xdc:291]
CRITICAL WARNING: [Common 17-55] 'set_property' expects at least one object. [C:/Users/Ben/Documents/GitHub/Psoc_robot/VHDL_files/Visualisatiom/Basys3_Master.xdc:291]
Resolution: If [get_<value>] was used to populate the object, check to make sure this command returns at least one valid object.
WARNING: [Vivado 12-584] No ports matched 'VGA_HS'. [C:/Users/Ben/Documents/GitHub/Psoc_robot/VHDL_files/Visualisatiom/Basys3_Master.xdc:292]
CRITICAL WARNING: [Common 17-55] 'set_property' expects at least one object. [C:/Users/Ben/Documents/GitHub/Psoc_robot/VHDL_files/Visualisatiom/Basys3_Master.xdc:292]
Resolution: If [get_<value>] was used to populate the object, check to make sure this command returns at least one valid object.
WARNING: [Vivado 12-584] No ports matched 'VGA_VS'. [C:/Users/Ben/Documents/GitHub/Psoc_robot/VHDL_files/Visualisatiom/Basys3_Master.xdc:294]
CRITICAL WARNING: [Common 17-55] 'set_property' expects at least one object. [C:/Users/Ben/Documents/GitHub/Psoc_robot/VHDL_files/Visualisatiom/Basys3_Master.xdc:294]
Resolution: If [get_<value>] was used to populate the object, check to make sure this command returns at least one valid object.
WARNING: [Vivado 12-584] No ports matched 'VGA_VS'. [C:/Users/Ben/Documents/GitHub/Psoc_robot/VHDL_files/Visualisatiom/Basys3_Master.xdc:295]
CRITICAL WARNING: [Common 17-55] 'set_property' expects at least one object. [C:/Users/Ben/Documents/GitHub/Psoc_robot/VHDL_files/Visualisatiom/Basys3_Master.xdc:295]
Resolution: If [get_<value>] was used to populate the object, check to make sure this command returns at least one valid object.
Finished Parsing XDC File [C:/Users/Ben/Documents/GitHub/Psoc_robot/VHDL_files/Visualisatiom/Basys3_Master.xdc]
Completed Processing XDC Constraints

INFO: [Project 1-111] Unisim Transformation Summary:
No Unisim elements were transformed.

Constraint Validation Runtime : Time (s): cpu = 00:00:00 ; elapsed = 00:00:00.005 . Memory (MB): peak = 506.941 ; gain = 0.000
---------------------------------------------------------------------------------
Finished Constraint Validation : Time (s): cpu = 00:00:13 ; elapsed = 00:00:14 . Memory (MB): peak = 506.941 ; gain = 335.527
---------------------------------------------------------------------------------
---------------------------------------------------------------------------------
Start Loading Part and Timing Information
---------------------------------------------------------------------------------
Loading part: xc7a35tcpg236-1
---------------------------------------------------------------------------------
Finished Loading Part and Timing Information : Time (s): cpu = 00:00:13 ; elapsed = 00:00:14 . Memory (MB): peak = 506.941 ; gain = 335.527
---------------------------------------------------------------------------------
---------------------------------------------------------------------------------
Start Applying 'set_property' XDC Constraints
---------------------------------------------------------------------------------
---------------------------------------------------------------------------------
Finished applying 'set_property' XDC Constraints : Time (s): cpu = 00:00:13 ; elapsed = 00:00:14 . Memory (MB): peak = 506.941 ; gain = 335.527
---------------------------------------------------------------------------------
---------------------------------------------------------------------------------
Finished RTL Optimization Phase 2 : Time (s): cpu = 00:00:13 ; elapsed = 00:00:14 . Memory (MB): peak = 506.941 ; gain = 335.527
---------------------------------------------------------------------------------

Report RTL Partitions: 
+-+--------------+------------+----------+
| |RTL Partition |Replication |Instances |
+-+--------------+------------+----------+
+-+--------------+------------+----------+
---------------------------------------------------------------------------------
Start RTL Component Statistics 
---------------------------------------------------------------------------------
Detailed RTL Component Info : 
---------------------------------------------------------------------------------
Finished RTL Component Statistics 
---------------------------------------------------------------------------------
---------------------------------------------------------------------------------
Start RTL Hierarchical Component Statistics 
---------------------------------------------------------------------------------
Hierarchical RTL Component report 
---------------------------------------------------------------------------------
Finished RTL Hierarchical Component Statistics
---------------------------------------------------------------------------------
---------------------------------------------------------------------------------
Start Part Resource Summary
---------------------------------------------------------------------------------
Part Resources:
DSPs: 90 (col length:60)
BRAMs: 100 (col length: RAMB18 60 RAMB36 30)
---------------------------------------------------------------------------------
Finished Part Resource Summary
---------------------------------------------------------------------------------
Start Parallel Synthesis Optimization  : Time (s): cpu = 00:00:13 ; elapsed = 00:00:15 . Memory (MB): peak = 506.941 ; gain = 335.527
---------------------------------------------------------------------------------
Start Cross Boundary Optimization
---------------------------------------------------------------------------------
---------------------------------------------------------------------------------
Finished Cross Boundary Optimization : Time (s): cpu = 00:00:13 ; elapsed = 00:00:15 . Memory (MB): peak = 506.941 ; gain = 335.527
---------------------------------------------------------------------------------
Finished Parallel Reinference  : Time (s): cpu = 00:00:13 ; elapsed = 00:00:15 . Memory (MB): peak = 506.941 ; gain = 335.527

Report RTL Partitions: 
+-+--------------+------------+----------+
| |RTL Partition |Replication |Instances |
+-+--------------+------------+----------+
+-+--------------+------------+----------+
---------------------------------------------------------------------------------
Start Area Optimization
---------------------------------------------------------------------------------
---------------------------------------------------------------------------------
Finished Area Optimization : Time (s): cpu = 00:00:13 ; elapsed = 00:00:15 . Memory (MB): peak = 506.941 ; gain = 335.527
---------------------------------------------------------------------------------
Finished Parallel Area Optimization  : Time (s): cpu = 00:00:13 ; elapsed = 00:00:15 . Memory (MB): peak = 506.941 ; gain = 335.527

Report RTL Partitions: 
+-+--------------+------------+----------+
| |RTL Partition |Replication |Instances |
+-+--------------+------------+----------+
+-+--------------+------------+----------+
---------------------------------------------------------------------------------
Start Timing Optimization
---------------------------------------------------------------------------------
---------------------------------------------------------------------------------
Start Applying XDC Timing Constraints
---------------------------------------------------------------------------------
---------------------------------------------------------------------------------
Finished Applying XDC Timing Constraints : Time (s): cpu = 00:00:24 ; elapsed = 00:00:25 . Memory (MB): peak = 544.688 ; gain = 373.273
---------------------------------------------------------------------------------
---------------------------------------------------------------------------------
Finished Timing Optimization : Time (s): cpu = 00:00:24 ; elapsed = 00:00:25 . Memory (MB): peak = 544.688 ; gain = 373.273
---------------------------------------------------------------------------------

Report RTL Partitions: 
+-+--------------+------------+----------+
| |RTL Partition |Replication |Instances |
+-+--------------+------------+----------+
+-+--------------+------------+----------+
---------------------------------------------------------------------------------
Start Technology Mapping
---------------------------------------------------------------------------------
---------------------------------------------------------------------------------
Finished Technology Mapping : Time (s): cpu = 00:00:24 ; elapsed = 00:00:25 . Memory (MB): peak = 554.297 ; gain = 382.883
---------------------------------------------------------------------------------
Finished Parallel Technology Mapping Optimization  : Time (s): cpu = 00:00:24 ; elapsed = 00:00:25 . Memory (MB): peak = 554.297 ; gain = 382.883

Report RTL Partitions: 
+-+--------------+------------+----------+
| |RTL Partition |Replication |Instances |
+-+--------------+------------+----------+
+-+--------------+------------+----------+
Finished Parallel Synthesis Optimization  : Time (s): cpu = 00:00:24 ; elapsed = 00:00:25 . Memory (MB): peak = 554.297 ; gain = 382.883
---------------------------------------------------------------------------------
Start IO Insertion
---------------------------------------------------------------------------------
---------------------------------------------------------------------------------
Start Flattening Before IO Insertion
---------------------------------------------------------------------------------
---------------------------------------------------------------------------------
Finished Flattening Before IO Insertion
---------------------------------------------------------------------------------
---------------------------------------------------------------------------------
Start Final Netlist Cleanup
---------------------------------------------------------------------------------
---------------------------------------------------------------------------------
Finished Final Netlist Cleanup
---------------------------------------------------------------------------------
---------------------------------------------------------------------------------
Finished IO Insertion : Time (s): cpu = 00:00:24 ; elapsed = 00:00:26 . Memory (MB): peak = 554.297 ; gain = 382.883
---------------------------------------------------------------------------------

Report Check Netlist: 
+------+------------------+-------+---------+-------+------------------+
|      |Item              |Errors |Warnings |Status |Description       |
+------+------------------+-------+---------+-------+------------------+
|1     |multi_driven_nets |      0|        0|Passed |Multi driven nets |
+------+------------------+-------+---------+-------+------------------+
---------------------------------------------------------------------------------
Start Renaming Generated Instances
---------------------------------------------------------------------------------
---------------------------------------------------------------------------------
Finished Renaming Generated Instances : Time (s): cpu = 00:00:24 ; elapsed = 00:00:26 . Memory (MB): peak = 554.297 ; gain = 382.883
---------------------------------------------------------------------------------

Report RTL Partitions: 
+-+--------------+------------+----------+
| |RTL Partition |Replication |Instances |
+-+--------------+------------+----------+
+-+--------------+------------+----------+
---------------------------------------------------------------------------------
Start Rebuilding User Hierarchy
---------------------------------------------------------------------------------
---------------------------------------------------------------------------------
Finished Rebuilding User Hierarchy : Time (s): cpu = 00:00:24 ; elapsed = 00:00:26 . Memory (MB): peak = 554.297 ; gain = 382.883
---------------------------------------------------------------------------------
---------------------------------------------------------------------------------
Start Renaming Generated Ports
---------------------------------------------------------------------------------
---------------------------------------------------------------------------------
Finished Renaming Generated Ports : Time (s): cpu = 00:00:24 ; elapsed = 00:00:26 . Memory (MB): peak = 554.297 ; gain = 382.883
---------------------------------------------------------------------------------
---------------------------------------------------------------------------------
Start Handling Custom Attributes
---------------------------------------------------------------------------------
---------------------------------------------------------------------------------
Finished Handling Custom Attributes : Time (s): cpu = 00:00:24 ; elapsed = 00:00:26 . Memory (MB): peak = 554.297 ; gain = 382.883
---------------------------------------------------------------------------------
---------------------------------------------------------------------------------
Start Renaming Generated Nets
---------------------------------------------------------------------------------
---------------------------------------------------------------------------------
Finished Renaming Generated Nets : Time (s): cpu = 00:00:24 ; elapsed = 00:00:26 . Memory (MB): peak = 554.297 ; gain = 382.883
---------------------------------------------------------------------------------
---------------------------------------------------------------------------------
Start Writing Synthesis Report
---------------------------------------------------------------------------------

Report BlackBoxes: 
+-+--------------+----------+
| |BlackBox name |Instances |
+-+--------------+----------+
+-+--------------+----------+

Report Cell Usage: 
+------+-----------+------+
|      |Cell       |Count |
+------+-----------+------+
|1     |BUFG       |     2|
|2     |MMCME2_ADV |     1|
|3     |IBUF       |     1|
|4     |OBUF       |     1|
+------+-----------+------+

Report Instance Areas: 
+------+---------+------------------+------+
|      |Instance |Module            |Cells |
+------+---------+------------------+------+
|1     |top      |                  |     5|
|2     |  U0     |clk_wiz_0_clk_wiz |     3|
+------+---------+------------------+------+
---------------------------------------------------------------------------------
Finished Writing Synthesis Report : Time (s): cpu = 00:00:24 ; elapsed = 00:00:26 . Memory (MB): peak = 554.297 ; gain = 382.883
---------------------------------------------------------------------------------
Synthesis finished with 0 errors, 0 critical warnings and 0 warnings.
Synthesis Optimization Runtime : Time (s): cpu = 00:00:15 ; elapsed = 00:00:19 . Memory (MB): peak = 554.297 ; gain = 157.801
Synthesis Optimization Complete : Time (s): cpu = 00:00:25 ; elapsed = 00:00:26 . Memory (MB): peak = 554.297 ; gain = 382.883
INFO: [Project 1-571] Translating synthesized netlist
INFO: [Netlist 29-17] Analyzing 2 Unisim elements for replacement
INFO: [Netlist 29-28] Unisim Transformation completed in 0 CPU seconds
INFO: [Project 1-570] Preparing netlist for logic optimization
INFO: [Opt 31-138] Pushed 0 inverter(s) to 0 load pin(s).
INFO: [Project 1-111] Unisim Transformation Summary:
No Unisim elements were transformed.

INFO: [Common 17-83] Releasing license: Synthesis
21 Infos, 32 Warnings, 31 Critical Warnings and 0 Errors encountered.
synth_design completed successfully
synth_design: Time (s): cpu = 00:00:22 ; elapsed = 00:00:24 . Memory (MB): peak = 554.297 ; gain = 361.020
report_utilization: Time (s): cpu = 00:00:00 ; elapsed = 00:00:00.015 . Memory (MB): peak = 554.297 ; gain = 0.000
INFO: [Common 17-206] Exiting Vivado at Fri Apr 08 14:42:18 2016...
