Vivado Simulator 2015.4
Copyright 1986-1999, 2001-2015 Xilinx, Inc. All Rights Reserved.
Running: C:/Vivado/2015.4/bin/unwrapped/win64.o/xelab.exe -wto 272df2b37cbf4abd945b2ec15369c7e6 --debug typical --relax --mt 2 -L xil_defaultlib -L secureip --snapshot Top_behav xil_defaultlib.Top -log elaborate.log 
Using 2 slave threads.
Starting static elaboration
Completed static elaboration
Starting simulation data flow analysis
Completed simulation data flow analysis
Time Resolution for simulation is 1ps
Compiling package std.standard
Compiling package ieee.std_logic_1164
Compiling package ieee.std_logic_arith
Compiling package ieee.std_logic_unsigned
Compiling package ieee.math_real
Compiling package ieee.numeric_std
Compiling package unisim.vcomponents
Compiling package ieee.std_logic_signed
Compiling package std.textio
Compiling package ieee.vital_timing
Compiling package ieee.vital_primitives
Compiling package unisim.vpkg
Compiling architecture mmcme2_adv_v of entity unisim.MMCME2_ADV [\MMCME2_ADV("OPTIMIZED",10.125,0...]
Compiling architecture bufg_v of entity unisim.BUFG [bufg_default]
Compiling architecture xilinx of entity xil_defaultlib.clk_wiz_0_clk_wiz [clk_wiz_0_clk_wiz_default]
Compiling architecture xilinx of entity xil_defaultlib.clk_wiz_0 [clk_wiz_0_default]
Compiling architecture behavioral of entity xil_defaultlib.Vga_control [vga_control_default]
Compiling architecture behavioral of entity xil_defaultlib.top
Built simulation snapshot Top_behav
