Added Component: Designator=C1(1608[0603])
Added Component: Designator=C2(C1206)
Added Component: Designator=C3(C0805)
Added Component: Designator=C4(C0805)
Added Component: Designator=C5(C1206)
Added Component: Designator=C6(1608[0603])
Added Component: Designator=C7(0402)
Added Component: Designator=C8(0402)
Added Component: Designator=C9(C0805)
Added Component: Designator=C10(C0805)
Added Component: Designator=C11(C0805)
Added Component: Designator=C12(C0805)
Added Component: Designator=C13(C0805)
Added Component: Designator=C14(C1206)
Added Component: Designator=C15(C0805)
Added Component: Designator=C16(C1206)
Added Component: Designator=C17(C0805)
Added Component: Designator=C18(C1206)
Added Component: Designator=C19(C0805)
Added Component: Designator=C20(C1206)
Added Component: Designator=C21(C0805)
Added Component: Designator=C22(C1206)
Added Component: Designator=C23(C0805)
Added Component: Designator=CON1(ScrewTerminal)
Added Component: Designator=CON2(ScrewTerminal)
Added Component: Designator=CON3(ScrewTerminal)
Added Component: Designator=CON4(2PinsHeader)
Added Component: Designator=CON5(RcCon)
Added Component: Designator=CON6(RcCon)
Added Component: Designator=CON7(RcCon)
Added Component: Designator=CON8(ScrewTerminal)
Added Component: Designator=J1(Programm header)
Added Component: Designator=L1(Coil)
Added Component: Designator=R1(J1-0603)
Added Component: Designator=R2(J1-0603)
Added Component: Designator=R3(J1-0603)
Added Component: Designator=U1(TBS6612FNG)
Added Component: Designator=U2(ACS711)
Added Component: Designator=U3(CY8C29466)
Added Component: Designator=U4(ultrasoonSensor)
Added Component: Designator=U5(TPS63061)
Added Component: Designator=U6(LM7805)
Added Component: Designator=U7(ESP8266 ESP-01)
Added Component: Designator=U8(TXB0108)
Added Pin To Net: NetName=+5V Pin=C1-1
Added Pin To Net: NetName=GND Pin=C1-2
Added Pin To Net: NetName=VMOT Pin=C2-1
Added Pin To Net: NetName=PGND Pin=C2-2
Added Pin To Net: NetName=+5V Pin=C3-1
Added Pin To Net: NetName=GND Pin=C3-2
Added Pin To Net: NetName=VMOT Pin=C4-1
Added Pin To Net: NetName=PGND Pin=C4-2
Added Pin To Net: NetName=+5V Pin=C5-1
Added Pin To Net: NetName=GND Pin=C5-2
Added Pin To Net: NetName=+5V Pin=C6-1
Added Pin To Net: NetName=GND Pin=C6-2
Added Pin To Net: NetName=GND Pin=C7-1
Added Pin To Net: NetName=NetC7_2 Pin=C7-2
Added Pin To Net: NetName=GND Pin=C8-1
Added Pin To Net: NetName=NetC8_2 Pin=C8-2
Added Pin To Net: NetName=NetC9_1 Pin=C9-1
Added Pin To Net: NetName=PGND Pin=C9-2
Added Pin To Net: NetName=NetC9_1 Pin=C10-1
Added Pin To Net: NetName=PGND Pin=C10-2
Added Pin To Net: NetName=+5V Pin=C11-1
Added Pin To Net: NetName=GND Pin=C11-2
Added Pin To Net: NetName=+5V Pin=C12-1
Added Pin To Net: NetName=GND Pin=C12-2
Added Pin To Net: NetName=+5V Pin=C13-1
Added Pin To Net: NetName=GND Pin=C13-2
Added Pin To Net: NetName=+5V Pin=C14-1
Added Pin To Net: NetName=GND Pin=C14-2
Added Pin To Net: NetName=+5V Pin=C15-1
Added Pin To Net: NetName=GND Pin=C15-2
Added Pin To Net: NetName=+5V Pin=C16-1
Added Pin To Net: NetName=GND Pin=C16-2
Added Pin To Net: NetName=+5V Pin=C17-1
Added Pin To Net: NetName=GND Pin=C17-2
Added Pin To Net: NetName=+3.3V Pin=C18-1
Added Pin To Net: NetName=GND Pin=C18-2
Added Pin To Net: NetName=+3.3V Pin=C19-1
Added Pin To Net: NetName=GND Pin=C19-2
Added Pin To Net: NetName=+5V Pin=C20-1
Added Pin To Net: NetName=GND Pin=C20-2
Added Pin To Net: NetName=+5V Pin=C21-1
Added Pin To Net: NetName=GND Pin=C21-2
Added Pin To Net: NetName=+3.3V Pin=C22-1
Added Pin To Net: NetName=GND Pin=C22-2
Added Pin To Net: NetName=+3.3V Pin=C23-1
Added Pin To Net: NetName=GND Pin=C23-2
Added Pin To Net: NetName=NetCON1_1 Pin=CON1-1
Added Pin To Net: NetName=NetCON2_1 Pin=CON2-1
Added Pin To Net: NetName=VMOT Pin=CON3-1
Added Pin To Net: NetName=GND Pin=CON5-3
Added Pin To Net: NetName=NetCON6_1 Pin=CON6-1
Added Pin To Net: NetName=GND Pin=CON6-3
Added Pin To Net: NetName=NetCON7_1 Pin=CON7-1
Added Pin To Net: NetName=GND Pin=CON7-3
Added Pin To Net: NetName=PGND Pin=CON8-1
Added Pin To Net: NetName=+5V Pin=J1-1
Added Pin To Net: NetName=GND Pin=J1-2
Added Pin To Net: NetName=NetJ1_3 Pin=J1-3
Added Pin To Net: NetName=NetJ1_4 Pin=J1-4
Added Pin To Net: NetName=NetL1_1 Pin=L1-1
Added Pin To Net: NetName=NetL1_2 Pin=L1-2
Added Pin To Net: NetName=+5V Pin=R1-1
Added Pin To Net: NetName=NetR1_2 Pin=R1-2
Added Pin To Net: NetName=GND Pin=R2-1
Added Pin To Net: NetName=NetC8_2 Pin=R2-2
Added Pin To Net: NetName=NetC8_2 Pin=R3-1
Added Pin To Net: NetName=+5V Pin=R3-2
Added Pin To Net: NetName=NetCON2_2 Pin=U1-1
Added Pin To Net: NetName=NetCON2_2 Pin=U1-2
Added Pin To Net: NetName=PGND Pin=U1-3
Added Pin To Net: NetName=PGND Pin=U1-4
Added Pin To Net: NetName=NetCON2_1 Pin=U1-5
Added Pin To Net: NetName=NetCON2_1 Pin=U1-6
Added Pin To Net: NetName=NetCON1_2 Pin=U1-7
Added Pin To Net: NetName=NetCON1_2 Pin=U1-8
Added Pin To Net: NetName=PGND Pin=U1-9
Added Pin To Net: NetName=PGND Pin=U1-10
Added Pin To Net: NetName=NetCON1_1 Pin=U1-11
Added Pin To Net: NetName=NetCON1_1 Pin=U1-12
Added Pin To Net: NetName=VMOT Pin=U1-13
Added Pin To Net: NetName=VMOT Pin=U1-14
Added Pin To Net: NetName=NetU1_15 Pin=U1-15
Added Pin To Net: NetName=NetU1_16 Pin=U1-16
Added Pin To Net: NetName=NetU1_17 Pin=U1-17
Added Pin To Net: NetName=GND Pin=U1-18
Added Pin To Net: NetName=NetU1_19 Pin=U1-19
Added Pin To Net: NetName=+5V Pin=U1-20
Added Pin To Net: NetName=NetU1_21 Pin=U1-21
Added Pin To Net: NetName=NetU1_22 Pin=U1-22
Added Pin To Net: NetName=NetU1_23 Pin=U1-23
Added Pin To Net: NetName=VMOT Pin=U1-24
Added Pin To Net: NetName=NetCON3_2 Pin=U2-1
Added Pin To Net: NetName=NetCON3_2 Pin=U2-2
Added Pin To Net: NetName=PGND Pin=U2-3
Added Pin To Net: NetName=PGND Pin=U2-4
Added Pin To Net: NetName=GND Pin=U2-5
Added Pin To Net: NetName=NetR1_2 Pin=U2-6
Added Pin To Net: NetName=NetU2_7 Pin=U2-7
Added Pin To Net: NetName=+5V Pin=U2-8
Added Pin To Net: NetName=NetU3_1 Pin=U3-1
Added Pin To Net: NetName=NetU1_15 Pin=U3-2
Added Pin To Net: NetName=NetU3_3 Pin=U3-3
Added Pin To Net: NetName=NetCON7_1 Pin=U3-4
Added Pin To Net: NetName=NetU1_21 Pin=U3-5
Added Pin To Net: NetName=NetU1_22 Pin=U3-6
Added Pin To Net: NetName=NetU2_7 Pin=U3-7
Added Pin To Net: NetName=NetU1_16 Pin=U3-8
Added Pin To Net: NetName=NetU1_17 Pin=U3-10
Added Pin To Net: NetName=NetU1_19 Pin=U3-11
Added Pin To Net: NetName=NetJ1_4 Pin=U3-13
Added Pin To Net: NetName=GND Pin=U3-14
Added Pin To Net: NetName=NetU3_16 Pin=U3-16
Added Pin To Net: NetName=NetU3_17 Pin=U3-17
Added Pin To Net: NetName=NetU3_18 Pin=U3-18
Added Pin To Net: NetName=NetJ1_3 Pin=U3-19
Added Pin To Net: NetName=NetU3_20 Pin=U3-20
Added Pin To Net: NetName=NetU3_21 Pin=U3-21
Added Pin To Net: NetName=AGND Pin=U3-22
Added Pin To Net: NetName=NetR1_2 Pin=U3-23
Added Pin To Net: NetName=NetCON6_1 Pin=U3-24
Added Pin To Net: NetName=NetU3_25 Pin=U3-25
Added Pin To Net: NetName=NetU1_23 Pin=U3-26
Added Pin To Net: NetName=+5V Pin=U3-28
Added Pin To Net: NetName=+5V Pin=U4-1
Added Pin To Net: NetName=NetU3_3 Pin=U4-3
Added Pin To Net: NetName=GND Pin=U4-4
Added Pin To Net: NetName=NetL1_1 Pin=U5-1
Added Pin To Net: NetName=NetC9_1 Pin=U5-2
Added Pin To Net: NetName=NetC9_1 Pin=U5-3
Added Pin To Net: NetName=GND Pin=U5-4
Added Pin To Net: NetName=NetC7_2 Pin=U5-6
Added Pin To Net: NetName=GND Pin=U5-7
Added Pin To Net: NetName=NetC8_2 Pin=U5-8
Added Pin To Net: NetName=+5V Pin=U5-9
Added Pin To Net: NetName=NetL1_2 Pin=U5-10
Added Pin To Net: NetName=PGND Pin=U5-11
Added Pin To Net: NetName=+5V Pin=U6-1
Added Pin To Net: NetName=GND Pin=U6-2
Added Pin To Net: NetName=+3.3V Pin=U6-3
Added Pin To Net: NetName=GND Pin=U6-4
Added Pin To Net: NetName=NetU7_1 Pin=U7-1
Added Pin To Net: NetName=+3.3V Pin=U7-2
Added Pin To Net: NetName=NetU7_3 Pin=U7-3
Added Pin To Net: NetName=NetU7_4 Pin=U7-4
Added Pin To Net: NetName=NetU7_5 Pin=U7-5
Added Pin To Net: NetName=NetU7_6 Pin=U7-6
Added Pin To Net: NetName=GND Pin=U7-7
Added Pin To Net: NetName=NetU7_8 Pin=U7-8
Added Pin To Net: NetName=NetU3_1 Pin=U8-1
Added Pin To Net: NetName=+5V Pin=U8-2
Added Pin To Net: NetName=NetU3_20 Pin=U8-3
Added Pin To Net: NetName=NetU3_18 Pin=U8-4
Added Pin To Net: NetName=NetU3_17 Pin=U8-5
Added Pin To Net: NetName=NetU3_16 Pin=U8-6
Added Pin To Net: NetName=NetU3_25 Pin=U8-7
Added Pin To Net: NetName=NetU3_21 Pin=U8-10
Added Pin To Net: NetName=GND Pin=U8-11
Added Pin To Net: NetName=GND Pin=U8-12
Added Pin To Net: NetName=GND Pin=U8-13
Added Pin To Net: NetName=NetU7_1 Pin=U8-14
Added Pin To Net: NetName=NetU7_4 Pin=U8-15
Added Pin To Net: NetName=NetU7_3 Pin=U8-16
Added Pin To Net: NetName=NetU7_6 Pin=U8-17
Added Pin To Net: NetName=NetU7_5 Pin=U8-18
Added Pin To Net: NetName=+3.3V Pin=U8-19
Added Pin To Net: NetName=NetU7_8 Pin=U8-20
Added Pin To Net: NetName=NetCON4_1 Pin=CON4-1
Added Pin To Net: NetName=NetCON4_1 Pin=J1-5
Added Pin To Net: NetName=NetCON4_1 Pin=U3-15
Added Net: Name=NetCON4_1
Added Pin To Net: NetName=NetCON4_2 Pin=CON4-2
Added Pin To Net: NetName=NetCON4_2 Pin=U4-2
Added Net: Name=NetCON4_2
Added Member To Class: ClassName=U_motor Member=Component C1 Cap Semi
Added Member To Class: ClassName=U_motor Member=Component C2 Cap Semi
Added Member To Class: ClassName=U_motor Member=Component C3 Cap Pol3
Added Member To Class: ClassName=U_motor Member=Component C4 Cap Pol3
Added Member To Class: ClassName=U_Psoc-robot Member=Component C5 Cap Semi
Added Member To Class: ClassName=U_motor Member=Component C6 Cap Semi
Added Member To Class: ClassName=U_PSU Member=Component C7 Cap
Added Member To Class: ClassName=U_PSU Member=Component C8 Cap
Added Member To Class: ClassName=U_PSU Member=Component C9 Cap Pol3
Added Member To Class: ClassName=U_PSU Member=Component C10 Cap Pol3
Added Member To Class: ClassName=U_PSU Member=Component C11 Cap Pol3
Added Member To Class: ClassName=U_PSU Member=Component C12 Cap Pol3
Added Member To Class: ClassName=U_Psoc-robot Member=Component C13 Cap Pol3
Added Member To Class: ClassName=U_Reciever Member=Component C14 Cap Semi
Added Member To Class: ClassName=U_Reciever Member=Component C15 Cap Pol3
Added Member To Class: ClassName=U_UltraSoonSensor Member=Component C16 Cap Semi
Added Member To Class: ClassName=U_UltraSoonSensor Member=Component C17 Cap Pol3
Added Member To Class: ClassName=U_Psoc-robot Member=Component C18 Cap Semi
Added Member To Class: ClassName=U_Psoc-robot Member=Component C19 Cap Pol3
Added Member To Class: ClassName=U_ESP8266 Member=Component C20 Cap Semi
Added Member To Class: ClassName=U_ESP8266 Member=Component C21 Cap Pol3
Added Member To Class: ClassName=U_ESP8266 Member=Component C22 Cap Semi
Added Member To Class: ClassName=U_ESP8266 Member=Component C23 Cap Pol3
Added Member To Class: ClassName=U_motor Member=Component CON1 Schrew terminal
Added Member To Class: ClassName=U_motor Member=Component CON2 Schrew terminal
Added Member To Class: ClassName=U_motor Member=Component CON3 Screw terminal
Added Member To Class: ClassName=top Member=Component CON4 2PinsHeader
Added Member To Class: ClassName=U_Reciever Member=Component CON5 RCcon
Added Member To Class: ClassName=U_Reciever Member=Component CON6 RCcon
Added Member To Class: ClassName=U_Reciever Member=Component CON7 RCcon
Added Member To Class: ClassName=U_PSU Member=Component CON8 Schrew terminal
Added Member To Class: ClassName=U_Psoc-robot Member=Component J1 IISP header
Added Member To Class: ClassName=U_PSU Member=Component L1 coil
Added Member To Class: ClassName=U_motor Member=Component R1 Res3
Added Member To Class: ClassName=U_PSU Member=Component R2 Res3
Added Member To Class: ClassName=U_PSU Member=Component R3 Res3
Added Member To Class: ClassName=U_motor Member=Component U1 TB6612FGN
Added Member To Class: ClassName=U_motor Member=Component U2 Component_1
Added Member To Class: ClassName=U_Psoc-robot Member=Component U3 Component_1
Added Member To Class: ClassName=U_UltraSoonSensor Member=Component U4 hc-sr04
Added Member To Class: ClassName=U_PSU Member=Component U5 TPS630xx
Added Member To Class: ClassName=U_Psoc-robot Member=Component U6 LM7803
Added Member To Class: ClassName=U_ESP8266 Member=Component U7 ESP8266 ESP-01
Added Member To Class: ClassName=U_ESP8266 Member=Component U8 TXb0108
Added Room: Name=top
Added Room: Name=U_ESP8266
Added Room: Name=U_motor
Added Room: Name=U_Psoc-robot
Added Room: Name=U_PSU
Added Room: Name=U_Reciever
Added Room: Name=U_UltraSoonSensor
