Added Component: Designator=C1(1608[0603])
Added Component: Designator=C2(C1206)
Added Component: Designator=C3(C0805)
Added Component: Designator=C4(C0805)
Added Component: Designator=C5(C1206)
Added Component: Designator=C6(1608[0603])
Added Component: Designator=C7(0402)
Added Component: Designator=C8(0402)
Added Component: Designator=C9(C0805)
Added Component: Designator=C10(C0805)
Added Component: Designator=C11(C0805)
Added Component: Designator=C12(C0805)
Added Component: Designator=C13(C0805)
Added Component: Designator=C14(C1206)
Added Component: Designator=C15(C0805)
Added Component: Designator=C16(C1206)
Added Component: Designator=C17(C0805)
Added Component: Designator=CON1(ScrewTerminal)
Added Component: Designator=CON2(ScrewTerminal)
Added Component: Designator=CON3(ScrewTerminal)
Added Component: Designator=CON4(2PinsHeader)
Added Component: Designator=CON5(RcCon)
Added Component: Designator=CON6(RcCon)
Added Component: Designator=CON7(RcCon)
Added Component: Designator=CON8(ScrewTerminal)
Added Component: Designator=J1(Programm header)
Added Component: Designator=L1(Coil)
Added Component: Designator=R1(J1-0603)
Added Component: Designator=R2(J1-0603)
Added Component: Designator=R3(J1-0603)
Added Component: Designator=U1(TBS6612FNG)
Added Component: Designator=U2(ACS711)
Added Component: Designator=U3(CY8C29466)
Added Component: Designator=U4(ultrasoonSensor)
Added Component: Designator=U5(TPS63061)
Added Pin To Net: NetName=+5V Pin=C1-1
Added Pin To Net: NetName=+5V Pin=C2-1
Added Pin To Net: NetName=+5V Pin=C3-1
Added Pin To Net: NetName=+5V Pin=C4-1
Added Pin To Net: NetName=+5V Pin=C5-1
Added Pin To Net: NetName=+5V Pin=C6-1
Added Pin To Net: NetName=+5V Pin=C11-1
Added Pin To Net: NetName=+5V Pin=C12-1
Added Pin To Net: NetName=+5V Pin=C13-1
Added Pin To Net: NetName=+5V Pin=C14-1
Added Pin To Net: NetName=+5V Pin=C15-1
Added Pin To Net: NetName=+5V Pin=C16-1
Added Pin To Net: NetName=+5V Pin=C17-1
Added Pin To Net: NetName=+5V Pin=R1-1
Added Pin To Net: NetName=+5V Pin=R3-2
Added Pin To Net: NetName=+5V Pin=U1-20
Added Pin To Net: NetName=+5V Pin=U2-8
Added Pin To Net: NetName=+5V Pin=U3-28
Added Pin To Net: NetName=+5V Pin=U4-1
Added Pin To Net: NetName=+5V Pin=U5-9
Added Net: Name=+5V
Added Pin To Net: NetName=AGND Pin=U3-22
Added Net: Name=AGND
Added Pin To Net: NetName=GND Pin=C1-2
Added Pin To Net: NetName=GND Pin=C3-2
Added Pin To Net: NetName=GND Pin=C6-2
Added Pin To Net: NetName=GND Pin=C7-1
Added Pin To Net: NetName=GND Pin=C8-1
Added Pin To Net: NetName=GND Pin=C9-2
Added Pin To Net: NetName=GND Pin=C10-2
Added Pin To Net: NetName=GND Pin=C11-2
Added Pin To Net: NetName=GND Pin=C12-2
Added Pin To Net: NetName=GND Pin=C14-2
Added Pin To Net: NetName=GND Pin=C15-2
Added Pin To Net: NetName=GND Pin=CON5-3
Added Pin To Net: NetName=GND Pin=CON6-3
Added Pin To Net: NetName=GND Pin=CON7-3
Added Pin To Net: NetName=GND Pin=CON8-1
Added Pin To Net: NetName=GND Pin=J1-2
Added Pin To Net: NetName=GND Pin=R2-1
Added Pin To Net: NetName=GND Pin=U1-18
Added Pin To Net: NetName=GND Pin=U2-5
Added Pin To Net: NetName=GND Pin=U3-14
Added Pin To Net: NetName=GND Pin=U4-4
Added Pin To Net: NetName=GND Pin=U5-4
Added Pin To Net: NetName=GND Pin=U5-7
Added Pin To Net: NetName=GND Pin=U5-11
Added Net: Name=GND
Added Pin To Net: NetName=NetC7_2 Pin=C7-2
Added Pin To Net: NetName=NetC7_2 Pin=U5-6
Added Net: Name=NetC7_2
Added Pin To Net: NetName=NetC8_2 Pin=C8-2
Added Pin To Net: NetName=NetC8_2 Pin=R2-2
Added Pin To Net: NetName=NetC8_2 Pin=R3-1
Added Pin To Net: NetName=NetC8_2 Pin=U5-8
Added Net: Name=NetC8_2
Added Pin To Net: NetName=NetC9_1 Pin=C9-1
Added Pin To Net: NetName=NetC9_1 Pin=C10-1
Added Pin To Net: NetName=NetC9_1 Pin=U5-2
Added Pin To Net: NetName=NetC9_1 Pin=U5-3
Added Net: Name=NetC9_1
Added Pin To Net: NetName=NetCON1_1 Pin=CON1-1
Added Pin To Net: NetName=NetCON1_1 Pin=U1-11
Added Pin To Net: NetName=NetCON1_1 Pin=U1-12
Added Net: Name=NetCON1_1
Added Pin To Net: NetName=NetCON1_2 Pin=U1-7
Added Pin To Net: NetName=NetCON1_2 Pin=U1-8
Added Net: Name=NetCON1_2
Added Pin To Net: NetName=NetCON2_1 Pin=CON2-1
Added Pin To Net: NetName=NetCON2_1 Pin=U1-5
Added Pin To Net: NetName=NetCON2_1 Pin=U1-6
Added Net: Name=NetCON2_1
Added Pin To Net: NetName=NetCON2_2 Pin=U1-1
Added Pin To Net: NetName=NetCON2_2 Pin=U1-2
Added Net: Name=NetCON2_2
Added Pin To Net: NetName=NetCON3_2 Pin=U2-1
Added Pin To Net: NetName=NetCON3_2 Pin=U2-2
Added Net: Name=NetCON3_2
Added Pin To Net: NetName=NetCON4_1 Pin=CON4-1
Added Pin To Net: NetName=NetCON4_1 Pin=J1-5
Added Pin To Net: NetName=NetCON4_1 Pin=U3-15
Added Net: Name=NetCON4_1
Added Pin To Net: NetName=NetCON4_2 Pin=CON4-2
Added Pin To Net: NetName=NetCON4_2 Pin=U4-2
Added Net: Name=NetCON4_2
Added Pin To Net: NetName=NetCON6_1 Pin=CON6-1
Added Pin To Net: NetName=NetCON6_1 Pin=U3-24
Added Net: Name=NetCON6_1
Added Pin To Net: NetName=NetCON7_1 Pin=CON7-1
Added Pin To Net: NetName=NetCON7_1 Pin=U3-4
Added Net: Name=NetCON7_1
Added Pin To Net: NetName=NetJ1_3 Pin=J1-3
Added Pin To Net: NetName=NetJ1_3 Pin=U3-19
Added Net: Name=NetJ1_3
Added Pin To Net: NetName=NetJ1_4 Pin=J1-4
Added Pin To Net: NetName=NetJ1_4 Pin=U3-13
Added Net: Name=NetJ1_4
Added Pin To Net: NetName=NetL1_1 Pin=L1-1
Added Pin To Net: NetName=NetL1_1 Pin=U5-1
Added Net: Name=NetL1_1
Added Pin To Net: NetName=NetL1_2 Pin=L1-2
Added Pin To Net: NetName=NetL1_2 Pin=U5-10
Added Net: Name=NetL1_2
Added Pin To Net: NetName=NetR1_2 Pin=R1-2
Added Pin To Net: NetName=NetR1_2 Pin=U2-6
Added Pin To Net: NetName=NetR1_2 Pin=U3-23
Added Net: Name=NetR1_2
Added Pin To Net: NetName=NetU1_15 Pin=U1-15
Added Pin To Net: NetName=NetU1_15 Pin=U3-2
Added Net: Name=NetU1_15
Added Pin To Net: NetName=NetU1_16 Pin=U1-16
Added Pin To Net: NetName=NetU1_16 Pin=U3-10
Added Net: Name=NetU1_16
Added Pin To Net: NetName=NetU1_17 Pin=U1-17
Added Pin To Net: NetName=NetU1_17 Pin=U3-8
Added Net: Name=NetU1_17
Added Pin To Net: NetName=NetU1_19 Pin=U1-19
Added Pin To Net: NetName=NetU1_19 Pin=U3-11
Added Net: Name=NetU1_19
Added Pin To Net: NetName=NetU1_21 Pin=U1-21
Added Pin To Net: NetName=NetU1_21 Pin=U3-6
Added Net: Name=NetU1_21
Added Pin To Net: NetName=NetU1_22 Pin=U1-22
Added Pin To Net: NetName=NetU1_22 Pin=U3-5
Added Net: Name=NetU1_22
Added Pin To Net: NetName=NetU1_23 Pin=U1-23
Added Pin To Net: NetName=NetU1_23 Pin=U3-26
Added Net: Name=NetU1_23
Added Pin To Net: NetName=NetU2_7 Pin=U2-7
Added Pin To Net: NetName=NetU2_7 Pin=U3-7
Added Net: Name=NetU2_7
Added Pin To Net: NetName=NetU3_3 Pin=U3-3
Added Pin To Net: NetName=NetU3_3 Pin=U4-3
Added Net: Name=NetU3_3
Added Pin To Net: NetName=PGND Pin=C2-2
Added Pin To Net: NetName=PGND Pin=C4-2
Added Pin To Net: NetName=PGND Pin=C5-2
Added Pin To Net: NetName=PGND Pin=C13-2
Added Pin To Net: NetName=PGND Pin=C16-2
Added Pin To Net: NetName=PGND Pin=C17-2
Added Pin To Net: NetName=PGND Pin=U1-3
Added Pin To Net: NetName=PGND Pin=U1-4
Added Pin To Net: NetName=PGND Pin=U1-9
Added Pin To Net: NetName=PGND Pin=U1-10
Added Pin To Net: NetName=PGND Pin=U2-3
Added Pin To Net: NetName=PGND Pin=U2-4
Added Net: Name=PGND
Added Pin To Net: NetName=VCC Pin=J1-1
Added Net: Name=VCC
Added Pin To Net: NetName=VMOT Pin=CON3-1
Added Pin To Net: NetName=VMOT Pin=U1-13
Added Pin To Net: NetName=VMOT Pin=U1-14
Added Pin To Net: NetName=VMOT Pin=U1-24
Added Net: Name=VMOT
Added Class: Name=top
Added Class: Name=U_motor
Added Class: Name=U_Psoc-robot
Added Class: Name=U_PSU
Added Class: Name=U_Reciever
Added Class: Name=U_UltraSoonSensor
Added Room: Name=top
Added Room: Name=U_motor
Added Room: Name=U_Psoc-robot
Added Room: Name=U_PSU
Added Room: Name=U_Reciever
Added Room: Name=U_UltraSoonSensor
